<?xml version="1.0" encoding="UTF-8"?>
<testng-results ignored="0" total="1" passed="1" failed="0" skipped="0">
  <reporter-output>
  </reporter-output>
  <suite started-at="2025-01-19T23:37:36 IST" name="Default suite" finished-at="2025-01-19T23:37:41 IST" duration-ms="4498">
    <groups>
    </groups>
    <test started-at="2025-01-19T23:37:36 IST" name="Default test" finished-at="2025-01-19T23:37:41 IST" duration-ms="4498">
      <class name="API_Testing.SumValidation">
        <test-method signature="sumOfCourses()[pri:0, instance:API_Testing.SumValidation@5ab956d7]" started-at="2025-01-19T23:37:36 IST" name="sumOfCourses" finished-at="2025-01-19T23:37:41 IST" duration-ms="4391" status="PASS">
          <reporter-output>
          </reporter-output>
        </test-method> <!-- sumOfCourses -->
      </class> <!-- API_Testing.SumValidation -->
    </test> <!-- Default test -->
  </suite> <!-- Default suite -->
</testng-results>
